c:\users\student\desktop\aadsp2-projekat\model2\processwavfile\debug\vc140.pdb
c:\users\student\desktop\aadsp2-projekat\model2\processwavfile\debug\vc140.idb
c:\users\student\desktop\aadsp2-projekat\model2\processwavfile\debug\fixed_point_math.obj
c:\users\student\desktop\aadsp2-projekat\model2\processwavfile\debug\iir2.obj
c:\users\student\desktop\aadsp2-projekat\model2\processwavfile\debug\main.obj
c:\users\student\desktop\aadsp2-projekat\model2\processwavfile\debug\stdfix_emu.obj
c:\users\student\desktop\aadsp2-projekat\model2\processwavfile\debug\wavheader.obj
c:\users\student\desktop\aadsp2-projekat\model2\processwavfile\debug\vc141.idb
c:\users\student\desktop\aadsp2-projekat\model2\processwavfile\debug\vc141.pdb
c:\users\student\desktop\aadsp2-projekat\model2\debug\model2.pdb
c:\users\student\desktop\aadsp2-projekat\model2\processwavfile\debug\model2.tlog\cl.command.1.tlog
c:\users\student\desktop\aadsp2-projekat\model2\processwavfile\debug\model2.tlog\cl.read.1.tlog
c:\users\student\desktop\aadsp2-projekat\model2\processwavfile\debug\model2.tlog\cl.write.1.tlog
c:\users\student\desktop\aadsp2-projekat\model2\processwavfile\debug\model2.tlog\link-cvtres.read.1.tlog
c:\users\student\desktop\aadsp2-projekat\model2\processwavfile\debug\model2.tlog\link-cvtres.write.1.tlog
c:\users\student\desktop\aadsp2-projekat\model2\processwavfile\debug\model2.tlog\link-mt.read.1.tlog
c:\users\student\desktop\aadsp2-projekat\model2\processwavfile\debug\model2.tlog\link-mt.write.1.tlog
c:\users\student\desktop\aadsp2-projekat\model2\processwavfile\debug\model2.tlog\link-rc.read.1.tlog
c:\users\student\desktop\aadsp2-projekat\model2\processwavfile\debug\model2.tlog\link-rc.write.1.tlog
c:\users\student\desktop\aadsp2-projekat\model2\processwavfile\debug\model2.tlog\link.7864-cvtres.read.1.tlog
c:\users\student\desktop\aadsp2-projekat\model2\processwavfile\debug\model2.tlog\link.7864-cvtres.write.1.tlog
c:\users\student\desktop\aadsp2-projekat\model2\processwavfile\debug\model2.tlog\link.7864-mt.read.1.tlog
c:\users\student\desktop\aadsp2-projekat\model2\processwavfile\debug\model2.tlog\link.7864-mt.write.1.tlog
c:\users\student\desktop\aadsp2-projekat\model2\processwavfile\debug\model2.tlog\link.7864-rc.read.1.tlog
c:\users\student\desktop\aadsp2-projekat\model2\processwavfile\debug\model2.tlog\link.7864-rc.write.1.tlog
c:\users\student\desktop\aadsp2-projekat\model2\processwavfile\debug\model2.tlog\link.7864.read.1.tlog
c:\users\student\desktop\aadsp2-projekat\model2\processwavfile\debug\model2.tlog\link.7864.write.1.tlog
c:\users\student\desktop\aadsp2-projekat\model2\processwavfile\debug\model2.tlog\link.command.1.tlog
c:\users\student\desktop\aadsp2-projekat\model2\processwavfile\debug\model2.tlog\link.read.1.tlog
c:\users\student\desktop\aadsp2-projekat\model2\processwavfile\debug\model2.tlog\link.write.1.tlog
