c:\users\student\desktop\aadsp2-projekat\model0\processwavfile\debug\main.obj
c:\users\student\desktop\aadsp2-projekat\model0\processwavfile\debug\wavheader.obj
c:\users\student\desktop\aadsp2-projekat\model0\processwavfile\debug\vc100.pdb
c:\users\student\desktop\aadsp2-projekat\model0\debug\model0.ilk
c:\users\student\desktop\aadsp2-projekat\model0\debug\model0.exe
c:\users\student\desktop\aadsp2-projekat\model0\processwavfile\debug\model0.exe.intermediate.manifest
c:\users\student\desktop\aadsp2-projekat\model0\debug\model0.pdb
c:\users\student\desktop\aadsp2-projekat\model0\processwavfile\debug\model0.exe.embed.manifest
c:\users\student\desktop\aadsp2-projekat\model0\processwavfile\debug\model0.exe.embed.manifest.res
c:\users\admin\desktop\aadsp2-projekat\model0\processwavfile\debug\vc141.pdb
c:\users\admin\desktop\aadsp2-projekat\model0\processwavfile\debug\vc141.idb
c:\users\admin\desktop\aadsp2-projekat\model0\processwavfile\debug\main.obj
c:\users\admin\desktop\aadsp2-projekat\model0\processwavfile\debug\wavheader.obj
c:\users\admin\desktop\aadsp2-projekat\model0\processwavfile\debug\processwavfile.vcxprojresolveassemblyreference.cache
c:\users\admin\desktop\aadsp2-projekat\model0\processwavfile\debug\cl.command.1.tlog
c:\users\admin\desktop\aadsp2-projekat\model0\processwavfile\debug\cl.read.1.tlog
c:\users\admin\desktop\aadsp2-projekat\model0\processwavfile\debug\cl.write.1.tlog
c:\users\admin\desktop\aadsp2-projekat\model0\processwavfile\debug\link-cvtres.read.1.tlog
c:\users\admin\desktop\aadsp2-projekat\model0\processwavfile\debug\link-cvtres.write.1.tlog
c:\users\admin\desktop\aadsp2-projekat\model0\processwavfile\debug\link.7488-cvtres.read.1.tlog
c:\users\admin\desktop\aadsp2-projekat\model0\processwavfile\debug\link.7488-cvtres.write.1.tlog
c:\users\admin\desktop\aadsp2-projekat\model0\processwavfile\debug\link.7488.read.1.tlog
c:\users\admin\desktop\aadsp2-projekat\model0\processwavfile\debug\link.7488.write.1.tlog
c:\users\admin\desktop\aadsp2-projekat\model0\processwavfile\debug\link.9104-cvtres.read.1.tlog
c:\users\admin\desktop\aadsp2-projekat\model0\processwavfile\debug\link.9104-cvtres.write.1.tlog
c:\users\admin\desktop\aadsp2-projekat\model0\processwavfile\debug\link.9104.read.1.tlog
c:\users\admin\desktop\aadsp2-projekat\model0\processwavfile\debug\link.9104.write.1.tlog
c:\users\admin\desktop\aadsp2-projekat\model0\processwavfile\debug\link.command.1.tlog
c:\users\admin\desktop\aadsp2-projekat\model0\processwavfile\debug\link.read.1.tlog
c:\users\admin\desktop\aadsp2-projekat\model0\processwavfile\debug\link.write.1.tlog
c:\users\admin\desktop\aadsp2-projekat\model0\processwavfile\debug\model0.write.1.tlog
c:\users\admin\desktop\aadsp2-projekat\model0\processwavfile\debug\mt.command.1.tlog
c:\users\admin\desktop\aadsp2-projekat\model0\processwavfile\debug\mt.read.1.tlog
c:\users\admin\desktop\aadsp2-projekat\model0\processwavfile\debug\mt.write.1.tlog
c:\users\admin\desktop\aadsp2-projekat\model0\processwavfile\debug\rc.command.1.tlog
c:\users\admin\desktop\aadsp2-projekat\model0\processwavfile\debug\rc.read.1.tlog
c:\users\admin\desktop\aadsp2-projekat\model0\processwavfile\debug\rc.write.1.tlog
c:\users\admin\desktop\aadsp2-projekat\model0\processwavfile\debug\model0.exe.embed.manifest
c:\users\admin\desktop\aadsp2-projekat\model0\processwavfile\debug\model0.exe.intermediate.manifest
c:\users\admin\desktop\aadsp2-projekat\model0\processwavfile\debug\model0.exe.embed.manifest.res
c:\users\admin\desktop\aadsp2-projekat\model0\processwavfile\debug\vc100.idb
c:\users\admin\desktop\aadsp2-projekat\model0\processwavfile\debug\vc100.pdb
c:\users\admin\desktop\aadsp2-projekat\model0\processwavfile\debug\model0_manifest.rc
c:\users\admin\desktop\aadsp2-projekat\model0\debug\model0.pdb
c:\users\admin\desktop\aadsp2-projekat\model0\processwavfile\debug\model0.tlog\cl.command.1.tlog
c:\users\admin\desktop\aadsp2-projekat\model0\processwavfile\debug\model0.tlog\cl.read.1.tlog
c:\users\admin\desktop\aadsp2-projekat\model0\processwavfile\debug\model0.tlog\cl.write.1.tlog
c:\users\admin\desktop\aadsp2-projekat\model0\processwavfile\debug\model0.tlog\link-cvtres.read.1.tlog
c:\users\admin\desktop\aadsp2-projekat\model0\processwavfile\debug\model0.tlog\link-cvtres.write.1.tlog
c:\users\admin\desktop\aadsp2-projekat\model0\processwavfile\debug\model0.tlog\link-mt.read.1.tlog
c:\users\admin\desktop\aadsp2-projekat\model0\processwavfile\debug\model0.tlog\link-mt.write.1.tlog
c:\users\admin\desktop\aadsp2-projekat\model0\processwavfile\debug\model0.tlog\link-rc.read.1.tlog
c:\users\admin\desktop\aadsp2-projekat\model0\processwavfile\debug\model0.tlog\link-rc.write.1.tlog
c:\users\admin\desktop\aadsp2-projekat\model0\processwavfile\debug\model0.tlog\link.command.1.tlog
c:\users\admin\desktop\aadsp2-projekat\model0\processwavfile\debug\model0.tlog\link.read.1.tlog
c:\users\admin\desktop\aadsp2-projekat\model0\processwavfile\debug\model0.tlog\link.write.1.tlog
