1     	 0000					.public _second_order_IIR
2     							.code_ovly
2      >> start of macro: .code_ovly
1+    									seg_single , "CODE_OVLY", CODE
1+     >> start of macro: seg_single
1+    						  .if ( "" != "" ) & defined( ___SegStart_CODE_ )
2+    						    segment
3+    						  .else
4+    						    segment "CODE_OVLY"
5+    							.if "" != ""
6+    						___SegStart_CODE_
7+    							.endif
8+    						  .endif
9+    							#RememberSegmentType
10+    >> end of macro: seg_single
2+     >> end of macro: .code_ovly
3     						
4     						
5     						
6     	 0000				_second_order_IIR:			/* LN: 15 | CYCLE: 0 | RULES: () */ 
7     	 0000	 87540017		xmem[i7] = y3; i7 += 1			# LN: 15, 15 | 
8     	 0001	 82540017		xmem[i7] = x2; i7 += 1			# LN: 15, 15 | 
9     	 0002	 86540017		xmem[i7] = y2; i7 += 1			# LN: 15, 15 | 
10    	 0003	 83540007		xmem[i7] = x3			# LN: 15 | 
11    	 0004	 07584DC0		y3 = a0h; a0 = 0			# LN: 15, 20 | 
12    	 0005	 08807FFF		x0 = xmem[i0]; i0 += 1; y0 = ymem[i4]			# LN: 20, 20, 25 | 
13    	 0006	 00812468		x0 = xmem[i0]; y1 = ymem[i4]; a0 += x0 * y3			# LN: 21, 26, 20 | 
14    	 0007	 09E87FFF		x1 = xmem[i0]; i0 += 1; a0 = a0			# LN: 22, 22, 20 | 
15    	 0008	 82940001		x2 = ymem[i1]			# LN: 21 | 
16    	 0009	 22412108		x2 = ymem[i1]; a0 += x0 * x2			# LN: 22, 21 | 
17    	 000A	 08E87FFF		x0 = xmem[i0]; i0 += 1; a0 = a0			# LN: 23, 23, 21 | 
18    	 000B	 B1090039		i5 = i1			# LN: 22 | 
19    	 000C	 02082128		i0 += 1; a0 += x1 * x2			# LN: 24, 22 | 
20    	 000D	 020D7FFF		i5 += 1			# LN: 22 | 
21    	 000E	 68A27FFF		a0 = a0; y2 = ymem[i5]			# LN: 22, 23 | 
22    	 000F	 11402448		x1 = xmem[i0]; a0 += x0 * y2			# LN: 25, 23 | 
23    	 0010	 0AE87FFF		x2 = xmem[i0]; i0 += 1; a0 = a0			# LN: 26, 26, 23 | 
24    	 0011	 13402498		x3 = xmem[i0]; a0 -= x1 * y0			# LN: 27, 25 | 
25    	 0012	 48487FFF		a0 = a0			# LN: 25 | 
26    	 0013	 29442538		a1 = ymem[i4]; a0 -= x2 * y1			# LN: 29, 26 | 
27    	 0014	 B8090030		i0 = i4			# LN: 26 | 
28    	 0015	 48487FFF		a0 = a0			# LN: 26 | 
29    	 0016	 02087FFF		i0 += 1			# LN: 26 | 
30    	 0017	 80940000		x0 = ymem[i0]			# LN: 27 | 
31    	 0018	 13572078		x3 = xmem[i7]; i7 -= 1; a0 -= x3 * x0			# LN: 35, 35, 27 | 
32    	 0019	 48487FFF		a0 = a0			# LN: 27 | 
33    	 001A	 99D40000		ymem[i0] = a1h			# LN: 29 | 
34    	 001B	 98D40004		ymem[i4] = a0h			# LN: 30 | 
35    	 001C	 89940001		a1 = ymem[i1]			# LN: 31 | 
36    	 001D	 99D40005		ymem[i5] = a1h			# LN: 31 | 
37    	 001E	 87D40001		ymem[i1] = y3			# LN: 32 | 
38    	 001F	 86140027		y2 = xmem[i7]; i7 -= 1			# LN: 35, 35 | 
39    	 0020	 82140027		x2 = xmem[i7]; i7 -= 1			# LN: 35, 35 | 
40    	 0021	 87140007		y3 = xmem[i7]			# LN: 35 | 
41    	 0022	 81880000		ret			# LN: 35 | 
42    						(null)
				 SYMBOL TABLE 

    Name                                                                                    Type                  Value 

_COMMON_INC_PATH_                                                               					 Define                 "C:/CirrusDSP/crystal32/common/inc/"
_DSP_                                                                           					 Define                 "a"
_LOCAL_INC_PATH_                                                                					 Define                 "inc/"
_LOCAL_SRC_PATH_                                                                					 Define                 "src/"
_MUI_VERSION_                                                                   					 Define                 "020000"
_OVLY_                                                                          					 Define                 "standalone"
_OVLY_REVISION_                                                                 					 Define                 "020000"
_ROUTER_INC_PATH_                                                               					 Define                 "rom_inc/"
_SLOT_                                                                          					 Define                 "0"
_TARGET_FAMILY_                                                                 					 Define                 "crystal32"
_TOOLS_VERSION_                                                                 					 Define                 "0x0701"
_VERSION_                                                                       					 Define                 "00"
__CASM_VER__                                                                    			  Unused Variable		        0 (701H)
_second_order_IIR                                                               			  Public Relocatable       iir2_GEN_0000:0000H

	       SEGMENTS:

Size			  Name										 Class
0000H	 __INIT                                  			 CODE                                    
0023H	 iir2_GEN_0000                           			 CODE_OVLY                               
